<?xml version="1.0" encoding="UTF-8"?>
<!-- Generated by org.testng.reporters.JUnitXMLReporter -->
<testsuite ignored="1" hostname="LAPTOP-3G1BU2MM" failures="0" tests="2" name="Test" time="0.058" errors="0" timestamp="2023-07-22T11:10:28 IST">
  <testcase classname="com.actitime.testscript.CustomerModule" name="createCustomer" time="0.005"/>
  <testcase classname="com.actitime.testscript.CustomerModule" name="modifyCustomer" time="0.001"/>
  <testcase classname="com.actitime.testscript.CustomerModule" name="deleteCustomer" time="0.0">
    <ignored/>
  </testcase> <!-- deleteCustomer -->
</testsuite> <!-- Test -->
